{"C:\\Users\\Matija\\Desktop\\ePrometna\\ePrometna_PublicMobileApp\\services\\authService.ts": {"path":"C:\\Users\\Matija\\Desktop\\ePrometna\\ePrometna_PublicMobileApp\\services\\authService.ts","statementMap":{"0":{"start":{"line":21,"column":2},"end":{"line":58,"column":3}},"1":{"start":{"line":23,"column":23},"end":{"line":23,"column":44}},"2":{"start":{"line":25,"column":28},"end":{"line":39,"column":5}},"3":{"start":{"line":41,"column":21},"end":{"line":41,"column":105}},"4":{"start":{"line":43,"column":4},"end":{"line":47,"column":7}},"5":{"start":{"line":49,"column":4},"end":{"line":49,"column":25}},"6":{"start":{"line":51,"column":4},"end":{"line":55,"column":5}},"7":{"start":{"line":52,"column":25},"end":{"line":52,"column":54}},"8":{"start":{"line":53,"column":6},"end":{"line":53,"column":86}},"9":{"start":{"line":54,"column":6},"end":{"line":54,"column":90}},"10":{"start":{"line":56,"column":4},"end":{"line":56,"column":66}},"11":{"start":{"line":57,"column":4},"end":{"line":57,"column":79}},"12":{"start":{"line":63,"column":2},"end":{"line":80,"column":3}},"13":{"start":{"line":64,"column":21},"end":{"line":64,"column":94}},"14":{"start":{"line":66,"column":4},"end":{"line":69,"column":7}},"15":{"start":{"line":71,"column":4},"end":{"line":71,"column":25}},"16":{"start":{"line":73,"column":4},"end":{"line":77,"column":5}},"17":{"start":{"line":74,"column":25},"end":{"line":74,"column":54}},"18":{"start":{"line":75,"column":6},"end":{"line":75,"column":72}},"19":{"start":{"line":76,"column":6},"end":{"line":76,"column":76}},"20":{"start":{"line":78,"column":4},"end":{"line":78,"column":52}},"21":{"start":{"line":79,"column":4},"end":{"line":79,"column":65}},"22":{"start":{"line":84,"column":2},"end":{"line":89,"column":3}},"23":{"start":{"line":86,"column":4},"end":{"line":86,"column":48}},"24":{"start":{"line":88,"column":4},"end":{"line":88,"column":56}}},"fnMap":{"0":{"name":"registerMobile","decl":{"start":{"line":20,"column":22},"end":{"line":20,"column":36}},"loc":{"start":{"line":20,"column":90},"end":{"line":59,"column":1}},"line":20},"1":{"name":"login","decl":{"start":{"line":62,"column":22},"end":{"line":62,"column":27}},"loc":{"start":{"line":62,"column":82},"end":{"line":81,"column":1}},"line":62},"2":{"name":"logoutDevice","decl":{"start":{"line":83,"column":22},"end":{"line":83,"column":34}},"loc":{"start":{"line":83,"column":52},"end":{"line":90,"column":1}},"line":83}},"branchMap":{"0":{"loc":{"start":{"line":44,"column":19},"end":{"line":44,"column":56}},"type":"cond-expr","locations":[{"start":{"line":44,"column":47},"end":{"line":44,"column":50}},{"start":{"line":44,"column":53},"end":{"line":44,"column":56}}],"line":44},"1":{"loc":{"start":{"line":45,"column":20},"end":{"line":45,"column":58}},"type":"cond-expr","locations":[{"start":{"line":45,"column":49},"end":{"line":45,"column":52}},{"start":{"line":45,"column":55},"end":{"line":45,"column":58}}],"line":45},"2":{"loc":{"start":{"line":46,"column":19},"end":{"line":46,"column":56}},"type":"cond-expr","locations":[{"start":{"line":46,"column":47},"end":{"line":46,"column":50}},{"start":{"line":46,"column":53},"end":{"line":46,"column":56}}],"line":46},"3":{"loc":{"start":{"line":51,"column":4},"end":{"line":55,"column":5}},"type":"if","locations":[{"start":{"line":51,"column":4},"end":{"line":55,"column":5}},{"start":{},"end":{}}],"line":51},"4":{"loc":{"start":{"line":54,"column":22},"end":{"line":54,"column":88}},"type":"binary-expr","locations":[{"start":{"line":54,"column":22},"end":{"line":54,"column":56}},{"start":{"line":54,"column":60},"end":{"line":54,"column":88}}],"line":54},"5":{"loc":{"start":{"line":67,"column":19},"end":{"line":67,"column":56}},"type":"cond-expr","locations":[{"start":{"line":67,"column":47},"end":{"line":67,"column":50}},{"start":{"line":67,"column":53},"end":{"line":67,"column":56}}],"line":67},"6":{"loc":{"start":{"line":68,"column":20},"end":{"line":68,"column":58}},"type":"cond-expr","locations":[{"start":{"line":68,"column":49},"end":{"line":68,"column":52}},{"start":{"line":68,"column":55},"end":{"line":68,"column":58}}],"line":68},"7":{"loc":{"start":{"line":73,"column":4},"end":{"line":77,"column":5}},"type":"if","locations":[{"start":{"line":73,"column":4},"end":{"line":77,"column":5}},{"start":{},"end":{}}],"line":73},"8":{"loc":{"start":{"line":76,"column":22},"end":{"line":76,"column":74}},"type":"binary-expr","locations":[{"start":{"line":76,"column":22},"end":{"line":76,"column":56}},{"start":{"line":76,"column":60},"end":{"line":76,"column":74}}],"line":76}},"s":{"0":3,"1":3,"2":2,"3":2,"4":2,"5":2,"6":1,"7":0,"8":0,"9":0,"10":1,"11":1,"12":4,"13":4,"14":1,"15":1,"16":3,"17":3,"18":3,"19":3,"20":0,"21":0,"22":0,"23":0,"24":0},"f":{"0":3,"1":4,"2":0},"b":{"0":[2,0],"1":[2,0],"2":[2,0],"3":[0,1],"4":[0,0],"5":[1,0],"6":[1,0],"7":[3,0],"8":[3,1]},"_coverageSchema":"1a1c01bbd47fc00a2c39e90264f33305004495a9","hash":"899252771332120f54f81f6a4bee774582727b36"}
,"C:\\Users\\Matija\\Desktop\\ePrometna\\ePrometna_PublicMobileApp\\services\\tempDataService.ts": {"path":"C:\\Users\\Matija\\Desktop\\ePrometna\\ePrometna_PublicMobileApp\\services\\tempDataService.ts","statementMap":{"0":{"start":{"line":5,"column":2},"end":{"line":22,"column":3}},"1":{"start":{"line":6,"column":21},"end":{"line":6,"column":69}},"2":{"start":{"line":7,"column":4},"end":{"line":7,"column":69}},"3":{"start":{"line":8,"column":4},"end":{"line":8,"column":25}},"4":{"start":{"line":10,"column":4},"end":{"line":20,"column":7}},"5":{"start":{"line":21,"column":4},"end":{"line":21,"column":16}}},"fnMap":{"0":{"name":"createTempData","decl":{"start":{"line":4,"column":22},"end":{"line":4,"column":36}},"loc":{"start":{"line":4,"column":75},"end":{"line":23,"column":1}},"line":4}},"branchMap":{},"s":{"0":3,"1":3,"2":2,"3":2,"4":1,"5":1},"f":{"0":3},"b":{},"_coverageSchema":"1a1c01bbd47fc00a2c39e90264f33305004495a9","hash":"6f3dd7dbd2c26c58867b872d8f5074425768d954"}
,"C:\\Users\\Matija\\Desktop\\ePrometna\\ePrometna_PublicMobileApp\\services\\userService.ts": {"path":"C:\\Users\\Matija\\Desktop\\ePrometna\\ePrometna_PublicMobileApp\\services\\userService.ts","statementMap":{"0":{"start":{"line":5,"column":2},"end":{"line":12,"column":3}},"1":{"start":{"line":6,"column":21},"end":{"line":6,"column":57}},"2":{"start":{"line":7,"column":4},"end":{"line":7,"column":55}},"3":{"start":{"line":8,"column":4},"end":{"line":8,"column":25}},"4":{"start":{"line":10,"column":4},"end":{"line":10,"column":57}},"5":{"start":{"line":11,"column":4},"end":{"line":11,"column":16}}},"fnMap":{"0":{"name":"getLoggedInUser","decl":{"start":{"line":4,"column":22},"end":{"line":4,"column":37}},"loc":{"start":{"line":4,"column":67},"end":{"line":13,"column":1}},"line":4}},"branchMap":{},"s":{"0":5,"1":5,"2":1,"3":1,"4":4,"5":4},"f":{"0":5},"b":{},"_coverageSchema":"1a1c01bbd47fc00a2c39e90264f33305004495a9","hash":"0b5c913cb6838a59836548118fcc6fa710e7a8fc"}
,"C:\\Users\\Matija\\Desktop\\ePrometna\\ePrometna_PublicMobileApp\\services\\vehicleService.ts": {"path":"C:\\Users\\Matija\\Desktop\\ePrometna\\ePrometna_PublicMobileApp\\services\\vehicleService.ts","statementMap":{"0":{"start":{"line":6,"column":16},"end":{"line":6,"column":25}},"1":{"start":{"line":9,"column":2},"end":{"line":26,"column":3}},"2":{"start":{"line":10,"column":21},"end":{"line":10,"column":53}},"3":{"start":{"line":11,"column":4},"end":{"line":11,"column":70}},"4":{"start":{"line":12,"column":4},"end":{"line":12,"column":25}},"5":{"start":{"line":14,"column":4},"end":{"line":24,"column":7}},"6":{"start":{"line":25,"column":4},"end":{"line":25,"column":16}},"7":{"start":{"line":30,"column":2},"end":{"line":46,"column":3}},"8":{"start":{"line":31,"column":21},"end":{"line":31,"column":60}},"9":{"start":{"line":32,"column":4},"end":{"line":32,"column":25}},"10":{"start":{"line":34,"column":4},"end":{"line":44,"column":7}},"11":{"start":{"line":45,"column":4},"end":{"line":45,"column":16}}},"fnMap":{"0":{"name":"getMyVehicles","decl":{"start":{"line":8,"column":22},"end":{"line":8,"column":35}},"loc":{"start":{"line":8,"column":61},"end":{"line":27,"column":1}},"line":8},"1":{"name":"getVehicleDetails","decl":{"start":{"line":29,"column":22},"end":{"line":29,"column":39}},"loc":{"start":{"line":29,"column":82},"end":{"line":47,"column":1}},"line":29}},"branchMap":{},"s":{"0":1,"1":4,"2":4,"3":2,"4":2,"5":2,"6":2,"7":0,"8":0,"9":0,"10":0,"11":0},"f":{"0":4,"1":0},"b":{},"_coverageSchema":"1a1c01bbd47fc00a2c39e90264f33305004495a9","hash":"f7f3af436fbe394949c633b6e267c3f97d2b5b08"}
,"C:\\Users\\Matija\\Desktop\\ePrometna\\ePrometna_PublicMobileApp\\utilities\\deviceUtils.ts": {"path":"C:\\Users\\Matija\\Desktop\\ePrometna\\ePrometna_PublicMobileApp\\utilities\\deviceUtils.ts","statementMap":{"0":{"start":{"line":6,"column":2},"end":{"line":50,"column":3}},"1":{"start":{"line":8,"column":23},"end":{"line":8,"column":56}},"2":{"start":{"line":9,"column":23},"end":{"line":9,"column":60}},"3":{"start":{"line":10,"column":19},"end":{"line":10,"column":44}},"4":{"start":{"line":11,"column":23},"end":{"line":11,"column":52}},"5":{"start":{"line":12,"column":19},"end":{"line":12,"column":30}},"6":{"start":{"line":13,"column":23},"end":{"line":13,"column":52}},"7":{"start":{"line":15,"column":19},"end":{"line":15,"column":21}},"8":{"start":{"line":17,"column":4},"end":{"line":25,"column":5}},"9":{"start":{"line":18,"column":24},"end":{"line":18,"column":62}},"10":{"start":{"line":19,"column":6},"end":{"line":19,"column":44}},"11":{"start":{"line":20,"column":11},"end":{"line":25,"column":5}},"12":{"start":{"line":21,"column":20},"end":{"line":21,"column":68}},"13":{"start":{"line":22,"column":6},"end":{"line":22,"column":40}},"14":{"start":{"line":24,"column":6},"end":{"line":24,"column":61}},"15":{"start":{"line":27,"column":4},"end":{"line":37,"column":6}},"16":{"start":{"line":39,"column":4},"end":{"line":39,"column":55}},"17":{"start":{"line":41,"column":4},"end":{"line":49,"column":6}}},"fnMap":{"0":{"name":"getDeviceInfo","decl":{"start":{"line":5,"column":22},"end":{"line":5,"column":35}},"loc":{"start":{"line":5,"column":38},"end":{"line":51,"column":1}},"line":5}},"branchMap":{"0":{"loc":{"start":{"line":9,"column":23},"end":{"line":9,"column":60}},"type":"binary-expr","locations":[{"start":{"line":9,"column":23},"end":{"line":9,"column":40}},{"start":{"line":9,"column":44},"end":{"line":9,"column":60}}],"line":9},"1":{"loc":{"start":{"line":10,"column":19},"end":{"line":10,"column":44}},"type":"binary-expr","locations":[{"start":{"line":10,"column":19},"end":{"line":10,"column":31}},{"start":{"line":10,"column":35},"end":{"line":10,"column":44}}],"line":10},"2":{"loc":{"start":{"line":11,"column":23},"end":{"line":11,"column":52}},"type":"binary-expr","locations":[{"start":{"line":11,"column":23},"end":{"line":11,"column":39}},{"start":{"line":11,"column":43},"end":{"line":11,"column":52}}],"line":11},"3":{"loc":{"start":{"line":13,"column":23},"end":{"line":13,"column":52}},"type":"binary-expr","locations":[{"start":{"line":13,"column":23},"end":{"line":13,"column":39}},{"start":{"line":13,"column":43},"end":{"line":13,"column":52}}],"line":13},"4":{"loc":{"start":{"line":17,"column":4},"end":{"line":25,"column":5}},"type":"if","locations":[{"start":{"line":17,"column":4},"end":{"line":25,"column":5}},{"start":{"line":20,"column":11},"end":{"line":25,"column":5}}],"line":17},"5":{"loc":{"start":{"line":18,"column":24},"end":{"line":18,"column":62}},"type":"binary-expr","locations":[{"start":{"line":18,"column":24},"end":{"line":18,"column":56}},{"start":{"line":18,"column":60},"end":{"line":18,"column":62}}],"line":18},"6":{"loc":{"start":{"line":20,"column":11},"end":{"line":25,"column":5}},"type":"if","locations":[{"start":{"line":20,"column":11},"end":{"line":25,"column":5}},{"start":{"line":23,"column":11},"end":{"line":25,"column":5}}],"line":20},"7":{"loc":{"start":{"line":21,"column":20},"end":{"line":21,"column":68}},"type":"binary-expr","locations":[{"start":{"line":21,"column":20},"end":{"line":21,"column":62}},{"start":{"line":21,"column":66},"end":{"line":21,"column":68}}],"line":21},"8":{"loc":{"start":{"line":35,"column":19},"end":{"line":35,"column":66}},"type":"binary-expr","locations":[{"start":{"line":35,"column":19},"end":{"line":35,"column":55}},{"start":{"line":35,"column":59},"end":{"line":35,"column":66}}],"line":35},"9":{"loc":{"start":{"line":36,"column":21},"end":{"line":36,"column":58}},"type":"binary-expr","locations":[{"start":{"line":36,"column":21},"end":{"line":36,"column":51}},{"start":{"line":36,"column":55},"end":{"line":36,"column":58}}],"line":36}},"s":{"0":0,"1":0,"2":0,"3":0,"4":0,"5":0,"6":0,"7":0,"8":0,"9":0,"10":0,"11":0,"12":0,"13":0,"14":0,"15":0,"16":0,"17":0},"f":{"0":0},"b":{"0":[0,0],"1":[0,0],"2":[0,0],"3":[0,0],"4":[0,0],"5":[0,0],"6":[0,0],"7":[0,0],"8":[0,0],"9":[0,0]},"_coverageSchema":"1a1c01bbd47fc00a2c39e90264f33305004495a9","hash":"e8d2c9cbb5438f6a036b00ef2bc001efde93b31f"}
}
