TN:
SF:services\authService.ts
FN:20,registerMobile
FN:62,login
FN:83,logoutDevice
FNF:3
FNH:2
FNDA:3,registerMobile
FNDA:4,login
FNDA:0,logoutDevice
DA:21,3
DA:23,3
DA:25,2
DA:41,2
DA:43,2
DA:49,2
DA:51,1
DA:52,0
DA:53,0
DA:54,0
DA:56,1
DA:57,1
DA:63,4
DA:64,4
DA:66,1
DA:71,1
DA:73,3
DA:74,3
DA:75,3
DA:76,3
DA:78,0
DA:79,0
DA:84,0
DA:86,0
DA:88,0
LF:25
LH:17
BRDA:44,0,0,2
BRDA:44,0,1,0
BRDA:45,1,0,2
BRDA:45,1,1,0
BRDA:46,2,0,2
BRDA:46,2,1,0
BRDA:51,3,0,0
BRDA:51,3,1,1
BRDA:54,4,0,0
BRDA:54,4,1,0
BRDA:67,5,0,1
BRDA:67,5,1,0
BRDA:68,6,0,1
BRDA:68,6,1,0
BRDA:73,7,0,3
BRDA:73,7,1,0
BRDA:76,8,0,3
BRDA:76,8,1,1
BRF:18
BRH:9
end_of_record
TN:
SF:services\tempDataService.ts
FN:4,createTempData
FNF:1
FNH:1
FNDA:3,createTempData
DA:5,3
DA:6,3
DA:7,2
DA:8,2
DA:10,1
DA:21,1
LF:6
LH:6
BRF:0
BRH:0
end_of_record
TN:
SF:services\userService.ts
FN:4,getLoggedInUser
FNF:1
FNH:1
FNDA:5,getLoggedInUser
DA:5,5
DA:6,5
DA:7,1
DA:8,1
DA:10,4
DA:11,4
LF:6
LH:6
BRF:0
BRH:0
end_of_record
TN:
SF:services\vehicleService.ts
FN:8,getMyVehicles
FN:29,getVehicleDetails
FNF:2
FNH:1
FNDA:4,getMyVehicles
FNDA:0,getVehicleDetails
DA:6,1
DA:9,4
DA:10,4
DA:11,2
DA:12,2
DA:14,2
DA:25,2
DA:30,0
DA:31,0
DA:32,0
DA:34,0
DA:45,0
LF:12
LH:7
BRF:0
BRH:0
end_of_record
TN:
SF:utilities\deviceUtils.ts
FN:5,getDeviceInfo
FNF:1
FNH:0
FNDA:0,getDeviceInfo
DA:6,0
DA:8,0
DA:9,0
DA:10,0
DA:11,0
DA:12,0
DA:13,0
DA:15,0
DA:17,0
DA:18,0
DA:19,0
DA:20,0
DA:21,0
DA:22,0
DA:24,0
DA:27,0
DA:39,0
DA:41,0
LF:18
LH:0
BRDA:9,0,0,0
BRDA:9,0,1,0
BRDA:10,1,0,0
BRDA:10,1,1,0
BRDA:11,2,0,0
BRDA:11,2,1,0
BRDA:13,3,0,0
BRDA:13,3,1,0
BRDA:17,4,0,0
BRDA:17,4,1,0
BRDA:18,5,0,0
BRDA:18,5,1,0
BRDA:20,6,0,0
BRDA:20,6,1,0
BRDA:21,7,0,0
BRDA:21,7,1,0
BRDA:35,8,0,0
BRDA:35,8,1,0
BRDA:36,9,0,0
BRDA:36,9,1,0
BRF:20
BRH:0
end_of_record
